<?xml version="1.0" encoding="utf-8"?><testsuites name="pytest tests"><testsuite name="pytest" errors="0" failures="0" skipped="0" tests="6" time="1.312" timestamp="2026-07-22T19:16:02.801237+00:00" hostname="agent-env-fb6032bd-6f3d-45bf-bf5d-b6702523253a"><testcase classname="tests.backend_test" name="test_root" time="0.379" /><testcase classname="tests.backend_test" name="test_create_contact_valid" time="0.088" /><testcase classname="tests.backend_test" name="test_create_contact_missing_email" time="0.077" /><testcase classname="tests.backend_test" name="test_create_contact_short_message" time="0.090" /><testcase classname="tests.backend_test" name="test_create_contact_invalid_email" time="0.079" /><testcase classname="tests.backend_test" name="test_list_contacts_includes_created" time="0.078" /></testsuite></testsuites>